appframe/build/outputs/logs/manifest-merger-debug-report.txt
-- Merging decision tree log ---
manifest
ADDED from src\main\AndroidManifest.xml:2:1-19:12
INJECTED from src\main\AndroidManifest.xml:2:1-19:12
INJECTED from src\main\AndroidManifest.xml:2:1-19:12
INJECTED from src\main\AndroidManifest.xml:2:1-19:12
INJECTED from src\main\AndroidManifest.xml:2:1-19:12
INJECTED from src\main\AndroidManifest.xml:2:1-19:12
INJECTED from src\main\AndroidManifest.xml:2:1-19:12
	package
		ADDED from src\main\AndroidManifest.xml:4:11-42
		INJECTED from src\main\AndroidManifest.xml
		INJECTED from src\main\AndroidManifest.xml
	android:versionName
		INJECTED from src\main\AndroidManifest.xml
		ADDED from src\main\AndroidManifest.xml:2:1-19:12
		INJECTED from src\main\AndroidManifest.xml
	xmlns:tools
		ADDED from src\main\AndroidManifest.xml:3:11-57
	android:versionCode
		INJECTED from src\main\AndroidManifest.xml
		ADDED from src\main\AndroidManifest.xml:2:1-19:12
		INJECTED from src\main\AndroidManifest.xml
	xmlns:android
		ADDED from src\main\AndroidManifest.xml:2:11-69
uses-permission#android.permission.ACCESS_NETWORK_STATE
ADDED from src\main\AndroidManifest.xml:6:5-78
	android:name
		ADDED from src\main\AndroidManifest.xml:6:22-76
uses-permission#android.permission.CALL_PHONE
ADDED from src\main\AndroidManifest.xml:7:5-68
	android:name
		ADDED from src\main\AndroidManifest.xml:7:22-66
uses-permission#android.permission.WRITE_EXTERNAL_STORAGE
ADDED from src\main\AndroidManifest.xml:8:5-80
	android:name
		ADDED from src\main\AndroidManifest.xml:8:22-78
uses-permission#android.permission.ACCESS_COARSE_LOCATION
ADDED from src\main\AndroidManifest.xml:9:5-80
	android:name
		ADDED from src\main\AndroidManifest.xml:9:22-78
uses-permission#android.permission.READ_PHONE_STATE
ADDED from src\main\AndroidManifest.xml:10:5-74
	android:name
		ADDED from src\main\AndroidManifest.xml:10:22-72
application
ADDED from src\main\AndroidManifest.xml:12:5-17:19
	android:supportsRtl
		ADDED from src\main\AndroidManifest.xml:16:13-39
	android:roundIcon
		ADDED from src\main\AndroidManifest.xml:15:13-58
	android:allowBackup
		ADDED from src\main\AndroidManifest.xml:14:13-39
	android:name
		ADDED from src\main\AndroidManifest.xml:13:13-45
uses-sdk
INJECTED from src\main\AndroidManifest.xml reason: use-sdk injection requested
INJECTED from src\main\AndroidManifest.xml
INJECTED from src\main\AndroidManifest.xml
INJECTED from src\main\AndroidManifest.xml
INJECTED from src\main\AndroidManifest.xml
	android:targetSdkVersion
		INJECTED from src\main\AndroidManifest.xml
		ADDED from src\main\AndroidManifest.xml
		INJECTED from src\main\AndroidManifest.xml
	android:minSdkVersion
		INJECTED from src\main\AndroidManifest.xml
		ADDED from src\main\AndroidManifest.xml
		INJECTED from src\main\AndroidManifest.xml